* 8e985d8 : add performance
* 9d3e397 : finish report
* 14f2b0d : fix dataingest
* 286504f : fix daas
* b4766ab : fix consumer to daas
* e2414a7 : add codes
* 3d01ce1 : complete part 1 report
* 4195900 : update report.md
* 09915f4 : add report.md
* 1b8a18a : First commit
* 3533448 : Update AssignmentGuideline.md
*   fbc285b : Merge branch 'tri_recommend' into 'master'
|\  
| * f4a262f : Update AssignmentGuideline.md
|/  
* 363a3e3 : minor update of git links
* 3fb384f : update info about violation
* 39a01dc : update assignment guide
* 0bfe864 : update the template - remove redundant files
* 09e04b6 : just add empty, free form report files
* 3a9bfe9 : update guideline w.r.t. logs from the git
* 2339a00 : update guide
* 9e8bd26 : update a bit the guide
* 5423f13 : add new templates
* d89f35b : update guideline
* 8354163 : add template/guideline
* 7e0b9fb : Initial commit